# JRE version: Java(TM) SE Runtime Environment (17.0.9+11) (build 17.0.9+11-LTS-201)
# Java VM: Java HotSpot(TM) 64-Bit Server VM (17.0.9+11-LTS-201, mixed mode, emulated-client, sharing, tiered, compressed oops, compressed class ptrs, g1 gc, windows-amd64)
GC Precious Log:
 CPUs: 12 total, 12 available
 Memory: 24269M
 Large Page Support: Disabled
 NUMA Support: Disabled
 Compressed Oops: Enabled (Zero based)
 Heap Region Size: 4M
 Heap Min Capacity: 8M
 Heap Initial Capacity: 380M
 Heap Max Capacity: 6068M
 Pre-touch: Disabled
 Parallel Workers: 10
 Concurrent Workers: 3
 Concurrent Refinement Workers: 10
 Periodic GC: Disabled
Heap:
 garbage-first heap   total 192512K, used 71214K [0x0000000684c00000, 0x0000000800000000)
  region size 4096K, 7 young (28672K), 3 survivors (12288K)
 Metaspace       used 88138K, committed 88896K, reserved 1179648K
  class space    used 12893K, committed 13248K, reserved 1048576K
GC Heap History (20 events):
Event: 7.054 GC heap before
{Heap before GC invocations=11 (full 0):
 garbage-first heap   total 139264K, used 35380K [0x0000000684c00000, 0x0000000800000000)
  region size 4096K, 3 young (12288K), 2 survivors (8192K)
 Metaspace       used 45449K, committed 45952K, reserved 1114112K
  class space    used 6408K, committed 6656K, reserved 1048576K
}
Event: 7.059 GC heap after
{Heap after GC invocations=12 (full 0):
 garbage-first heap   total 139264K, used 31886K [0x0000000684c00000, 0x0000000800000000)
  region size 4096K, 1 young (4096K), 1 survivors (4096K)
 Metaspace       used 45449K, committed 45952K, reserved 1114112K
  class space    used 6408K, committed 6656K, reserved 1048576K
}
Event: 8.561 GC heap before
{Heap before GC invocations=12 (full 0):
 garbage-first heap   total 139264K, used 97422K [0x0000000684c00000, 0x0000000800000000)
  region size 4096K, 17 young (69632K), 1 survivors (4096K)
 Metaspace       used 59518K, committed 60096K, reserved 1114112K
  class space    used 8553K, committed 8832K, reserved 1048576K
}
Event: 8.566 GC heap after
{Heap after GC invocations=13 (full 0):
 garbage-first heap   total 139264K, used 34893K [0x0000000684c00000, 0x0000000800000000)
  region size 4096K, 1 young (4096K), 1 survivors (4096K)
 Metaspace       used 59518K, committed 60096K, reserved 1114112K
  class space    used 8553K, committed 8832K, reserved 1048576K
}
Event: 9.552 GC heap before
{Heap before GC invocations=14 (full 0):
 garbage-first heap   total 139264K, used 100429K [0x0000000684c00000, 0x0000000800000000)
  region size 4096K, 17 young (69632K), 1 survivors (4096K)
 Metaspace       used 65901K, committed 66432K, reserved 1114112K
  class space    used 9544K, committed 9792K, reserved 1048576K
}
Event: 9.559 GC heap after
{Heap after GC invocations=15 (full 0):
 garbage-first heap   total 139264K, used 38414K [0x0000000684c00000, 0x0000000800000000)
  region size 4096K, 2 young (8192K), 2 survivors (8192K)
 Metaspace       used 65901K, committed 66432K, reserved 1114112K
  class space    used 9544K, committed 9792K, reserved 1048576K
}
Event: 9.638 GC heap before
{Heap before GC invocations=15 (full 0):
 garbage-first heap   total 139264K, used 42510K [0x0000000684c00000, 0x0000000800000000)
  region size 4096K, 3 young (12288K), 2 survivors (8192K)
 Metaspace       used 66521K, committed 67072K, reserved 1114112K
  class space    used 9694K, committed 9920K, reserved 1048576K
}
Event: 9.645 GC heap after
{Heap after GC invocations=16 (full 0):
 garbage-first heap   total 139264K, used 38598K [0x0000000684c00000, 0x0000000800000000)
  region size 4096K, 1 young (4096K), 1 survivors (4096K)
 Metaspace       used 66521K, committed 67072K, reserved 1114112K
  class space    used 9694K, committed 9920K, reserved 1048576K
}
Event: 10.437 GC heap before
{Heap before GC invocations=16 (full 0):
 garbage-first heap   total 139264K, used 100038K [0x0000000684c00000, 0x0000000800000000)
  region size 4096K, 16 young (65536K), 1 survivors (4096K)
 Metaspace       used 70302K, committed 70848K, reserved 1114112K
  class space    used 10365K, committed 10624K, reserved 1048576K
}
Event: 10.441 GC heap after
{Heap after GC invocations=17 (full 0):
 garbage-first heap   total 192512K, used 40615K [0x0000000684c00000, 0x0000000800000000)
  region size 4096K, 1 young (4096K), 1 survivors (4096K)
 Metaspace       used 70302K, committed 70848K, reserved 1114112K
  class space    used 10365K, committed 10624K, reserved 1048576K
}
Event: 11.907 GC heap before
{Heap before GC invocations=17 (full 0):
 garbage-first heap   total 192512K, used 143015K [0x0000000684c00000, 0x0000000800000000)
  region size 4096K, 26 young (106496K), 1 survivors (4096K)
 Metaspace       used 72804K, committed 73408K, reserved 1114112K
  class space    used 10703K, committed 11008K, reserved 1048576K
}
Event: 11.915 GC heap after
{Heap after GC invocations=18 (full 0):
 garbage-first heap   total 192512K, used 44870K [0x0000000684c00000, 0x0000000800000000)
  region size 4096K, 2 young (8192K), 2 survivors (8192K)
 Metaspace       used 72804K, committed 73408K, reserved 1114112K
  class space    used 10703K, committed 11008K, reserved 1048576K
}
Event: 12.967 GC heap before
{Heap before GC invocations=18 (full 0):
 garbage-first heap   total 192512K, used 147270K [0x0000000684c00000, 0x0000000800000000)
  region size 4096K, 27 young (110592K), 2 survivors (8192K)
 Metaspace       used 75927K, committed 76608K, reserved 1114112K
  class space    used 11121K, committed 11456K, reserved 1048576K
}
Event: 12.983 GC heap after
{Heap after GC invocations=19 (full 0):
 garbage-first heap   total 192512K, used 49176K [0x0000000684c00000, 0x0000000800000000)
  region size 4096K, 3 young (12288K), 3 survivors (12288K)
 Metaspace       used 75927K, committed 76608K, reserved 1114112K
  class space    used 11121K, committed 11456K, reserved 1048576K
}
Event: 14.457 GC heap before
{Heap before GC invocations=19 (full 0):
 garbage-first heap   total 192512K, used 147480K [0x0000000684c00000, 0x0000000800000000)
  region size 4096K, 27 young (110592K), 3 survivors (12288K)
 Metaspace       used 79092K, committed 79744K, reserved 1179648K
  class space    used 11592K, committed 11904K, reserved 1048576K
}
Event: 14.473 GC heap after
{Heap after GC invocations=20 (full 0):
 garbage-first heap   total 192512K, used 54003K [0x0000000684c00000, 0x0000000800000000)
  region size 4096K, 3 young (12288K), 3 survivors (12288K)
 Metaspace       used 79092K, committed 79744K, reserved 1179648K
  class space    used 11592K, committed 11904K, reserved 1048576K
}
Event: 822.306 GC heap before
{Heap before GC invocations=20 (full 0):
 garbage-first heap   total 192512K, used 152307K [0x0000000684c00000, 0x0000000800000000)
  region size 4096K, 27 young (110592K), 3 survivors (12288K)
 Metaspace       used 83734K, committed 84480K, reserved 1179648K
  class space    used 12258K, committed 12608K, reserved 1048576K
}
Event: 822.341 GC heap after
{Heap after GC invocations=21 (full 0):
 garbage-first heap   total 192512K, used 56755K [0x0000000684c00000, 0x0000000800000000)
  region size 4096K, 2 young (8192K), 2 survivors (8192K)
 Metaspace       used 83734K, committed 84480K, reserved 1179648K
  class space    used 12258K, committed 12608K, reserved 1048576K
}
Event: 11501.161 GC heap before
{Heap before GC invocations=21 (full 0):
 garbage-first heap   total 192512K, used 155059K [0x0000000684c00000, 0x0000000800000000)
  region size 4096K, 26 young (106496K), 2 survivors (8192K)
 Metaspace       used 88038K, committed 88832K, reserved 1179648K
  class space    used 12871K, committed 13248K, reserved 1048576K
}
Event: 11501.175 GC heap after
{Heap after GC invocations=22 (full 0):
 garbage-first heap   total 192512K, used 58926K [0x0000000684c00000, 0x0000000800000000)
  region size 4096K, 3 young (12288K), 3 survivors (12288K)
 Metaspace       used 88038K, committed 88832K, reserved 1179648K
  class space    used 12871K, committed 13248K, reserved 1048576K
}

